Mon Sep 30 16:33:27 YEKT 2013  [debug] AvalonLogSystem initialized using logfile 'velocity.log'
Mon Sep 30 16:33:27 YEKT 2013   [info] ************************************************************** 
Mon Sep 30 16:33:27 YEKT 2013   [info] Starting Jakarta Velocity v1.4
Mon Sep 30 16:33:27 YEKT 2013   [info] RuntimeInstance initializing.
Mon Sep 30 16:33:27 YEKT 2013   [info] Default Properties File: org\apache\velocity\runtime\defaults\velocity.properties
Mon Sep 30 16:33:27 YEKT 2013   [info] Trying to use logger class org.apache.velocity.runtime.log.AvalonLogSystem
Mon Sep 30 16:33:27 YEKT 2013   [info] Using logger class org.apache.velocity.runtime.log.AvalonLogSystem
Mon Sep 30 16:33:27 YEKT 2013   [info] Default ResourceManager initializing. (class org.apache.velocity.runtime.resource.ResourceManagerImpl)
Mon Sep 30 16:33:27 YEKT 2013   [info] Resource Loader Instantiated: org.apache.velocity.runtime.resource.loader.JarResourceLoader
Mon Sep 30 16:33:27 YEKT 2013   [info] JarResourceLoader : initialization starting.
Mon Sep 30 16:33:27 YEKT 2013   [info] JarResourceLoader # of paths : 1
Mon Sep 30 16:33:27 YEKT 2013   [info] JarResourceLoader : trying to load: jar:file:/C:/Users/ikhalikov.DATATEH/.m2/repository/org/codehaus/mojo/webstart/webstart-maven-plugin/1.0-beta-2/webstart-maven-plugin-1.0-beta-2.jar!/
Mon Sep 30 16:33:27 YEKT 2013   [info]   JarHolder : attempting to connect to jar:file:/C:/Users/ikhalikov.DATATEH/.m2/repository/org/codehaus/mojo/webstart/webstart-maven-plugin/1.0-beta-2/webstart-maven-plugin-1.0-beta-2.jar!/
Mon Sep 30 16:33:27 YEKT 2013   [info]   JarHolder : initialized JAR: jar:file:/C:/Users/ikhalikov.DATATEH/.m2/repository/org/codehaus/mojo/webstart/webstart-maven-plugin/1.0-beta-2/webstart-maven-plugin-1.0-beta-2.jar!/
Mon Sep 30 16:33:27 YEKT 2013   [info] JarResourceLoader : initialization complete.
Mon Sep 30 16:33:27 YEKT 2013   [info] ResourceCache : initialized. (class org.apache.velocity.runtime.resource.ResourceCacheImpl)
Mon Sep 30 16:33:27 YEKT 2013   [info] Default ResourceManager initialization complete.
Mon Sep 30 16:33:27 YEKT 2013   [info] Loaded System Directive: org.apache.velocity.runtime.directive.Literal
Mon Sep 30 16:33:27 YEKT 2013   [info] Loaded System Directive: org.apache.velocity.runtime.directive.Macro
Mon Sep 30 16:33:27 YEKT 2013   [info] Loaded System Directive: org.apache.velocity.runtime.directive.Parse
Mon Sep 30 16:33:27 YEKT 2013   [info] Loaded System Directive: org.apache.velocity.runtime.directive.Include
Mon Sep 30 16:33:27 YEKT 2013   [info] Loaded System Directive: org.apache.velocity.runtime.directive.Foreach
Mon Sep 30 16:33:27 YEKT 2013   [info] Created: 20 parsers.
Mon Sep 30 16:33:27 YEKT 2013   [info] Velocimacro : initialization starting.
Mon Sep 30 16:33:27 YEKT 2013   [info] Velocimacro : adding VMs from VM library template : VM_global_library.vm
Mon Sep 30 16:33:27 YEKT 2013  [error] ResourceManager : unable to find resource 'VM_global_library.vm' in any resource loader.
Mon Sep 30 16:33:27 YEKT 2013   [info] Velocimacro : error using  VM library template VM_global_library.vm : org.apache.velocity.exception.ResourceNotFoundException: Unable to find resource 'VM_global_library.vm'
Mon Sep 30 16:33:27 YEKT 2013   [info] Velocimacro :  VM library template macro registration complete.
Mon Sep 30 16:33:27 YEKT 2013   [info] Velocimacro : allowInline = true : VMs can be defined inline in templates
Mon Sep 30 16:33:27 YEKT 2013   [info] Velocimacro : allowInlineToOverride = false : VMs defined inline may NOT replace previous VM definitions
Mon Sep 30 16:33:27 YEKT 2013   [info] Velocimacro : allowInlineLocal = false : VMs defined inline will be  global in scope if allowed.
Mon Sep 30 16:33:27 YEKT 2013   [info] Velocimacro : messages on  : VM system will output logging messages
Mon Sep 30 16:33:27 YEKT 2013   [info] Velocimacro : autoload off  : VM system will not automatically reload global library macros
Mon Sep 30 16:33:27 YEKT 2013   [info] Velocimacro : initialization complete.
Mon Sep 30 16:33:27 YEKT 2013   [info] Velocity successfully started.
Mon Sep 30 16:33:27 YEKT 2013   [info] ResourceManager : found default-jnlp-template.vm with loader org.apache.velocity.runtime.resource.loader.JarResourceLoader
Mon Sep 30 16:33:27 YEKT 2013   [warn] org.apache.velocity.runtime.exception.ReferenceException: reference : template = default-jnlp-template.vm [line 31,column 6] : $extensions is not a valid reference.
